     1                                  bits 32 ; assembling for the 32 bits architecture
     2                                  
     3                                  ; declare the EntryPoint (a label defining the very first instruction of the program)
     4                                  global start        
     5                                  
     6                                  ; declare external functions needed by our program
     7                                  extern exit               ; tell nasm that exit exists even if we won't be defining it
     8                                  import exit msvcrt.dll    ; exit is a function that ends the calling process. It is defined in msvcrt.dll
     9                                                            ; msvcrt.dll contains exit, printf and all the other important C-runtime specific functions
    10                                  
    11                                  ; our data is declared here (the variables needed by our program)
    12                                  segment data use32 class=data
    13                                      ; ...
    14                                  
    15                                  ; our code starts here
    16                                  segment code use32 class=code
    17                                      start:
    18                                          
    19 00000000 31C0                            xor eax, eax  ; mov eax,0 is the same
    20                                          ;mov AL, 7
    21                                          ;mov AH, 12
    22                                          ;mov AX, 257
    23 00000002 66B82C01                        mov ax, 300
    24 00000006 66BB0001                        mov bx, 256
    25 0000000A 6601D8                          add ax, bx   
    26 0000000D 6629D8                          sub ax, bx
    27                                          ; exit(0)
    28 00000010 6A00                            push    dword 0      ; push the parameter for exit onto the stack
    29 00000012 FF15[00000000]                  call    [exit]       ; call exit to terminate the program
