     1                                  bits 32 ; assembling for the 32 bits architecture
     2                                  
     3                                  ; declare the EntryPoint (a label defining the very first instruction of the program)
     4                                  global start        
     5                                  
     6                                  ; declare external functions needed by our program
     7                                  extern exit               ; tell nasm that exit exists even if we won't be defining it
     8                                  import exit msvcrt.dll    ; exit is a function that ends the calling process. It is defined in msvcrt.dll
     9                                                            ; msvcrt.dll contains exit, printf and all the other important C-runtime specific functions
    10                                  
    11                                  ; our data is declared here (the variables needed by our program)
    12                                  segment data use32 class=data
    13 00000000 0A00                        a dw 10
    14 00000002 0700                        b dw 7
    15                                  
    16                                  ; our code starts here
    17                                  segment code use32 class=code
    18                                      start:
    19                                          ; ...
    20 00000000 31C0                            xor eax, eax
    21 00000002 31DB                            xor ebx, ebx
    22                                          
    23 00000004 66A1[00000000]                  mov ax, [a]
    24 0000000A 668B1D[02000000]                mov bx, [b]
    25 00000011 66F7E3                          mul bx  ; AX * BX = EAX = 70
    26                                          
    27                                           
    28                                          ; exit(0)
    29 00000014 6A00                            push    dword 0      ; push the parameter for exit onto the stack
    30 00000016 FF15[00000000]                  call    [exit]       ; call exit to terminate the program
