     1                                  bits 32 ; assembling for the 32 bits architecture
     2                                  
     3                                  ; declare the EntryPoint (a label defining the very first instruction of the program)
     4                                  global start        
     5                                  
     6                                  ; declare external functions needed by our program
     7                                  extern exit               ; tell nasm that exit exists even if we won't be defining it
     8                                  import exit msvcrt.dll    ; exit is a function that ends the calling process. It is defined in msvcrt.dll
     9                                                            ; msvcrt.dll contains exit, printf and all the other important C-runtime specific functions
    10                                  
    11                                  ; our data is declared here (the variables needed by our program)
    12                                  segment data use32 class=data
    13 00000000 05000000                    a dd 5
    14 00000004 08000000                    b dd 8
    15                                  
    16                                  ; our code starts here
    17                                  segment code use32 class=code
    18                                      start:
    19 00000000 31C0                            xor eax, eax
    20                                          
    21 00000002 A1[00000000]                    mov eax, [a]
    22 00000007 2B05[04000000]                  sub eax, [b]
    23                                      
    24                                          ; exit(0)
    25 0000000D 6A00                            push    dword 0      ; push the parameter for exit onto the stack
    26 0000000F FF15[00000000]                  call    [exit]       ; call exit to terminate the program
